2020-02-28 21:17:07,755 channel info is corrupt:
2020-02-28 21:17:07,758 Starting daemon..
2020-02-28 21:17:07,760 No AutoSelect file 
2020-02-28 21:17:07,762 Empty rec list-creating maint entry
2020-02-28 21:17:07,762 creating maintenance entry for  29.02-21:19.07
2020-02-28 21:17:07,764 Last EPG update -1 day(s) ago - Updating now..
2020-02-28 21:17:07,764 No AutoSelect file 
2020-02-28 21:17:30,950 Block read:Das Erste HD [330000000] size:618147
2020-02-28 21:17:57,197 Block read:ZDF HD [450000000] size:541398
2020-02-28 21:18:22,585 Block read:KiKA HD [474000000] size:402255
2020-02-28 21:18:43,062 Block read:3sat HD [562000000] size:227211
2020-02-28 21:19:03,864 Block read:arte HD [418000000] size:380192
2020-02-28 21:19:33,315 Block read:BR Süd HD [338000000] size:1086036
2020-02-28 21:20:04,770 Block read:ORF1 [122000000] size:215170
2020-02-28 21:20:25,868 Block read:ProSieben [442000000] size:849641
2020-02-28 21:20:46,423 Block read:SUPER RTL [394000000] size:646750
2020-02-28 21:21:06,589 Block read:kabel Doku [610000000] size:122379
2020-02-28 21:21:34,694 Block read:TOGGO plus [402000000] size:813198
2020-02-28 21:21:55,769 Block read:Nick [466000000] size:534137
2020-02-28 21:22:16,370 Block read:Disney Channel [546000000] size:431276
2020-02-28 21:22:47,880 Block read:rbb Berlin [458000000] size:1413739
2020-02-28 21:23:08,300 Block read:Sky Sport News [362000000] size:1119173
2020-02-28 21:23:28,722 Block read:Sky Sport News HD [554000000] size:1113040
2020-02-28 21:23:33,332 Channel infos updated
2020-02-28 21:23:35,765 Empty rec list-creating maint entry
2020-02-28 21:23:35,766 creating maintenance entry for  29.02-21:25.35
2020-02-28 21:23:35,781 EPG is up to date
2020-02-28 21:23:35,782 Observing recorder queue until  29.02-21:25.33. Execute 'sleepModeOn' for VCR mode
2020-02-28 21:25:54,550 channel info is corrupt:
2020-02-28 21:25:54,554 Starting daemon..
2020-02-28 21:25:54,555 No AutoSelect file 
2020-02-28 21:25:54,557 Empty rec list-creating maint entry
2020-02-28 21:25:54,558 creating maintenance entry for  29.02-21:27.54
2020-02-28 21:25:54,575 Last EPG update 730 day(s) ago - Updating now..
2020-02-28 21:25:54,575 No AutoSelect file 
2020-02-28 21:26:16,532 Block read:Das Erste HD [330000000] size:615675
2020-02-28 21:26:41,565 Block read:ZDF HD [450000000] size:538522
2020-02-28 21:27:05,654 Block read:KiKA HD [474000000] size:402229
2020-02-28 21:27:24,985 Block read:3sat HD [562000000] size:225111
2020-02-28 21:27:44,348 Block read:arte HD [418000000] size:379938
2020-02-28 21:28:04,430 Block read:BR Süd HD [338000000] size:1084882
2020-02-28 21:28:47,617 Block read:ORF1 [122000000] size:214473
2020-02-28 21:29:07,070 Block read:ProSieben [442000000] size:851164
2020-02-28 21:29:26,542 Block read:SUPER RTL [394000000] size:651075
2020-02-28 21:29:45,709 Block read:kabel Doku [610000000] size:122379
2020-02-28 21:30:06,109 Block read:TOGGO plus [402000000] size:811576
2020-02-28 21:30:26,130 Block read:Nick [466000000] size:530863
2020-02-28 21:31:09,687 Block read:Disney Channel [546000000] size:426746
2020-02-28 21:32:25,428 Block read:rbb Berlin [458000000] size:1409418
2020-02-28 21:32:44,663 Block read:Sky Sport News [362000000] size:1117811
2020-02-28 21:33:03,907 Block read:Sky Sport News HD [554000000] size:1119465
2020-02-28 21:33:08,495 Channel infos updated
2020-02-28 21:33:10,918 Empty rec list-creating maint entry
2020-02-28 21:33:10,919 creating maintenance entry for  29.02-21:35.10
2020-02-28 21:33:10,920 EPG is up to date
2020-02-28 21:33:10,921 Observing recorder queue until  29.02-21:35.08. Execute 'sleepModeOn' for VCR mode
2020-02-28 21:38:55,340 Rec Q modified-looking for jobs
2020-02-28 21:38:55,361 Observing recorder queue until  28.02-21:39.58. Execute 'sleepModeOn' for VCR mode
2020-02-28 21:39:19,389 Rec Q modified-looking for jobs
2020-02-28 21:39:19,391 Empty rec list-creating maint entry
2020-02-28 21:39:19,392 creating maintenance entry for  29.02-21:41.19
2020-02-28 21:39:19,395 EPG is up to date
2020-02-28 21:39:19,396 Observing recorder queue until  29.02-21:41.17. Execute 'sleepModeOn' for VCR mode
2020-02-28 21:39:22,401 Rec Q modified-looking for jobs
2020-02-28 21:39:22,404 Next run in less than -1 seconds
2020-02-28 21:39:22,474 command sent: 
/home/matze/git/MicroDVBRecorder/VideoRecorder/src/bin/mediaClientRecord.sh 637 418000000 Q256 6900000 11120 /home/matze/Videos/VCR/arte_HD/02_28_20_15-Der Sommer nach dem Abitur.m2t | scheduled at:21:39 Feb 28
2020-02-28 21:40:22,679 Monitoring JOB 1
2020-02-28 21:49:23,354 stopping in seconds:36
2020-02-28 21:49:59,425 stopping in seconds:10
2020-02-28 21:50:09,436 Quit JOB 1
2020-02-28 21:50:09,437 >>rec channelid: 11120 to target /home/matze/Videos/VCR/arte_HD/02_28_20_15-Der Sommer nach dem Abitur.m2t durance 637 seconds
    PID TTY          TIME CMD
 369619 tty1     00:00:00 mediaclient
Rec done status:/home/matze/git/MicroDVBRecorder/VideoRecorder/src/bin/mediaClientRecord.sh: line 1: kill: (369619) - No such process
2020-02-28 21:50:09,437 JOB 1 is done
2020-02-28 21:50:10,065 Empty rec list-creating maint entry
2020-02-28 21:50:10,066 creating maintenance entry for  29.02-21:52.10
2020-02-28 21:50:10,067 EPG is up to date
2020-02-28 21:50:10,068 Observing recorder queue until  29.02-21:52.08. Execute 'sleepModeOn' for VCR mode
